Error:No se puede encontrar una parte de la ruta de acceso 'C:\DATA\EQUNOSBOVINOS.DAT'.
Error:No se puede encontrar una parte de la ruta de acceso 'C:\DATA\EQUNOSBOVINOS.DAT'.
Error:No se puede encontrar una parte de la ruta de acceso 'C:\Users\Usuario\source\repos\EquinosBovinos\EquinosBovinos.App\bin\Debug\Output\BOVINOS.DAT'.
Error:El proceso no puede obtener acceso al archivo 'C:\Users\Usuario\source\repos\EquinosBovinos\EquinosBovinos.App\bin\Debug\Output\EQUINOS.DAT' porque está siendo utilizado en otro proceso.
Error classifying animals by type: No se pudo guardar la informacion: El proceso no puede obtener acceso al archivo 'C:\Users\Usuario\source\repos\EquinosBovinos\EquinosBovinos.App\bin\Debug\Output\EQUINOS.DAT' porque está siendo utilizado en otro proceso.
El archivo de datos no existe: C:\Users\Usuario\source\repos\EquinosBovinos\EquinosBovinos.App\bin\Debug\/DATA/EQUNOSBOVINOS.DAT
Error:El archivo de datos no existe: C:\Users\Usuario\source\repos\EquinosBovinos\EquinosBovinos.App\bin\Debug\/DATA/EQUNOSBOVINOS.DAT
El archivo de datos no existe: C:\Users\Usuario\source\repos\EquinosBovinos\EquinosBovinos.App\bin\Debug\/DATA/EQUNOSBOVINOS.DAT
Error:El archivo de datos no existe: C:\Users\Usuario\source\repos\EquinosBovinos\EquinosBovinos.App\bin\Debug\/DATA/EQUNOSBOVINOS.DAT
El archivo de datos no existe: C:\Users\Usuario\source\repos\EquinosBovinos\EquinosBovinos.App\bin\Debug\/DATA/EQUNOSBOVINOS.DAT
Error:El archivo de datos no existe: C:\Users\Usuario\source\repos\EquinosBovinos\EquinosBovinos.App\bin\Debug\/DATA/EQUNOSBOVINOS.DAT
Error:El proceso no puede obtener acceso al archivo 'C:\Users\Usuario\source\repos\EquinosBovinos\EquinosBovinos.App\bin\Debug\Output\BOVINOS.DAT' porque está siendo utilizado en otro proceso.
Error classifying animals by type: No se pudo guardar la informacion: El proceso no puede obtener acceso al archivo 'C:\Users\Usuario\source\repos\EquinosBovinos\EquinosBovinos.App\bin\Debug\Output\BOVINOS.DAT' porque está siendo utilizado en otro proceso.
Error:El proceso no puede obtener acceso al archivo 'C:\Users\Usuario\source\repos\EquinosBovinos\EquinosBovinos.App\bin\Debug\Output\EQUINOS.DAT' porque está siendo utilizado en otro proceso.
Error classifying animals by type: No se pudo guardar la informacion: El proceso no puede obtener acceso al archivo 'C:\Users\Usuario\source\repos\EquinosBovinos\EquinosBovinos.App\bin\Debug\Output\EQUINOS.DAT' porque está siendo utilizado en otro proceso.
Error:El proceso no puede obtener acceso al archivo 'C:\Users\Usuario\source\repos\EquinosBovinos\EquinosBovinos.App\bin\Debug\Output\BOVINOS.DAT' porque está siendo utilizado en otro proceso.
Error classifying animals by type: No se pudo guardar la informacion: El proceso no puede obtener acceso al archivo 'C:\Users\Usuario\source\repos\EquinosBovinos\EquinosBovinos.App\bin\Debug\Output\BOVINOS.DAT' porque está siendo utilizado en otro proceso.
Error:El proceso no puede obtener acceso al archivo 'C:\Users\Usuario\source\repos\EquinosBovinos\EquinosBovinos.App\bin\Debug\Output\EQUINOS.DAT' porque está siendo utilizado en otro proceso.
Error classifying animals by type: No se pudo guardar la informacion: El proceso no puede obtener acceso al archivo 'C:\Users\Usuario\source\repos\EquinosBovinos\EquinosBovinos.App\bin\Debug\Output\EQUINOS.DAT' porque está siendo utilizado en otro proceso.
Error:El proceso no puede obtener acceso al archivo 'C:\Users\Usuario\source\repos\EquinosBovinos\EquinosBovinos.App\bin\Debug\Output\BOVINOS.DAT' porque está siendo utilizado en otro proceso.
Error classifying animals by type: No se pudo guardar la informacion: El proceso no puede obtener acceso al archivo 'C:\Users\Usuario\source\repos\EquinosBovinos\EquinosBovinos.App\bin\Debug\Output\BOVINOS.DAT' porque está siendo utilizado en otro proceso.
Error:El proceso no puede obtener acceso al archivo 'C:\Users\Usuario\source\repos\EquinosBovinos\EquinosBovinos.App\bin\Debug\Output\BOVINOS.DAT' porque está siendo utilizado en otro proceso.
Error al cladificar los animales por tipos: No se pudo guardar la informacion: El proceso no puede obtener acceso al archivo 'C:\Users\Usuario\source\repos\EquinosBovinos\EquinosBovinos.App\bin\Debug\Output\BOVINOS.DAT' porque está siendo utilizado en otro proceso.
Error:El proceso no puede obtener acceso al archivo 'C:\Users\Usuario\source\repos\EquinosBovinos\EquinosBovinos.App\bin\Debug\Output\BOVINOS.DAT' porque está siendo utilizado en otro proceso.
Error al cladificar los animales por tipos: No se pudo guardar la informacion: El proceso no puede obtener acceso al archivo 'C:\Users\Usuario\source\repos\EquinosBovinos\EquinosBovinos.App\bin\Debug\Output\BOVINOS.DAT' porque está siendo utilizado en otro proceso.
Error:El proceso no puede obtener acceso al archivo 'C:\Users\Usuario\source\repos\EquinosBovinos\EquinosBovinos.App\bin\Debug\Output\EQUINOS.DAT' porque está siendo utilizado en otro proceso.
Error al cladificar los animales por tipos: No se pudo guardar la informacion: El proceso no puede obtener acceso al archivo 'C:\Users\Usuario\source\repos\EquinosBovinos\EquinosBovinos.App\bin\Debug\Output\EQUINOS.DAT' porque está siendo utilizado en otro proceso.
